Created by PLY version 3.11 (http://www.dabeaz.com/ply)

Unused terminals:

    IGUAL
    LINEANUEVA
    PUNTO
    RBOOLEAN
    RFLOAT
    RINT
    RLIST
    RSTRING
    TSTRUCT

Grammar

Rule 0     S' -> init
Rule 1     init -> ls_instr
Rule 2     init -> empty
Rule 3     empty -> <empty>
Rule 4     ls_instr -> ls_instr instr
Rule 5     ls_instr -> instr
Rule 6     instr -> instruccion
Rule 7     funcion_instr -> <empty>
Rule 8     PARAMETROS -> PARAMETROS COMA PARAMETRO
Rule 9     PARAMETROS -> PARAMETRO
Rule 10    PARAMETRO -> expresion
Rule 11    instrucciones -> instrucciones instruccion
Rule 12    instrucciones -> instruccion
Rule 13    instruccion -> imprimir_instr
Rule 14    imprimir_instr -> RPRINT PARA PARAMETROS PARC
Rule 15    expresion -> expresion MAS expresion
Rule 16    expresion -> expresion MENOS expresion
Rule 17    expresion -> expresion MULTIPLICACION expresion
Rule 18    expresion -> expresion DIVISION expresion
Rule 19    expresion -> expresion POTENCIA expresion
Rule 20    expresion -> expresion MODULO expresion
Rule 21    expresion -> expresion MAYORQUE expresion
Rule 22    expresion -> expresion MENORQUE expresion
Rule 23    expresion -> expresion MAYORIGUAL expresion
Rule 24    expresion -> expresion MENORIGUAL expresion
Rule 25    expresion -> expresion IGUALIGUAL expresion
Rule 26    expresion -> expresion DIFERENTE expresion
Rule 27    expresion -> expresion RAND expresion
Rule 28    expresion -> expresion ROR expresion
Rule 29    expresion -> RNOT expresion
Rule 30    expresion -> MENOS expresion
Rule 31    expresion -> PARA expresion PARC
Rule 32    expresion -> ENTERO
Rule 33    expresion -> DECIMAL
Rule 34    expresion -> CADENA
Rule 35    expresion -> ID
Rule 36    expresion -> RTRUE
Rule 37    expresion -> RFALSE
Rule 38    expresion -> RNULO

Terminals, with rules where they appear

CADENA               : 34
COMA                 : 8
DECIMAL              : 33
DIFERENTE            : 26
DIVISION             : 18
ENTERO               : 32
ID                   : 35
IGUAL                : 
IGUALIGUAL           : 25
LINEANUEVA           : 
MAS                  : 15
MAYORIGUAL           : 23
MAYORQUE             : 21
MENORIGUAL           : 24
MENORQUE             : 22
MENOS                : 16 30
MODULO               : 20
MULTIPLICACION       : 17
PARA                 : 14 31
PARC                 : 14 31
POTENCIA             : 19
PUNTO                : 
RAND                 : 27
RBOOLEAN             : 
RFALSE               : 37
RFLOAT               : 
RINT                 : 
RLIST                : 
RNOT                 : 29
RNULO                : 38
ROR                  : 28
RPRINT               : 14
RSTRING              : 
RTRUE                : 36
TSTRUCT              : 
error                : 

Nonterminals, with rules where they appear

PARAMETRO            : 8 9
PARAMETROS           : 8 14
empty                : 2
expresion            : 10 15 15 16 16 17 17 18 18 19 19 20 20 21 21 22 22 23 23 24 24 25 25 26 26 27 27 28 28 29 30 31
funcion_instr        : 
imprimir_instr       : 13
init                 : 0
instr                : 4 5
instruccion          : 6 11 12
instrucciones        : 11
ls_instr             : 1 4

Parsing method: LALR

state 0

    (0) S' -> . init
    (1) init -> . ls_instr
    (2) init -> . empty
    (4) ls_instr -> . ls_instr instr
    (5) ls_instr -> . instr
    (3) empty -> .
    (6) instr -> . instruccion
    (13) instruccion -> . imprimir_instr
    (14) imprimir_instr -> . RPRINT PARA PARAMETROS PARC

    $end            reduce using rule 3 (empty -> .)
    RPRINT          shift and go to state 7

    init                           shift and go to state 1
    ls_instr                       shift and go to state 2
    empty                          shift and go to state 3
    instr                          shift and go to state 4
    instruccion                    shift and go to state 5
    imprimir_instr                 shift and go to state 6

state 1

    (0) S' -> init .



state 2

    (1) init -> ls_instr .
    (4) ls_instr -> ls_instr . instr
    (6) instr -> . instruccion
    (13) instruccion -> . imprimir_instr
    (14) imprimir_instr -> . RPRINT PARA PARAMETROS PARC

    $end            reduce using rule 1 (init -> ls_instr .)
    RPRINT          shift and go to state 7

    instr                          shift and go to state 8
    instruccion                    shift and go to state 5
    imprimir_instr                 shift and go to state 6

state 3

    (2) init -> empty .

    $end            reduce using rule 2 (init -> empty .)


state 4

    (5) ls_instr -> instr .

    RPRINT          reduce using rule 5 (ls_instr -> instr .)
    $end            reduce using rule 5 (ls_instr -> instr .)


state 5

    (6) instr -> instruccion .

    RPRINT          reduce using rule 6 (instr -> instruccion .)
    $end            reduce using rule 6 (instr -> instruccion .)


state 6

    (13) instruccion -> imprimir_instr .

    RPRINT          reduce using rule 13 (instruccion -> imprimir_instr .)
    $end            reduce using rule 13 (instruccion -> imprimir_instr .)


state 7

    (14) imprimir_instr -> RPRINT . PARA PARAMETROS PARC

    PARA            shift and go to state 9


state 8

    (4) ls_instr -> ls_instr instr .

    RPRINT          reduce using rule 4 (ls_instr -> ls_instr instr .)
    $end            reduce using rule 4 (ls_instr -> ls_instr instr .)


state 9

    (14) imprimir_instr -> RPRINT PARA . PARAMETROS PARC
    (8) PARAMETROS -> . PARAMETROS COMA PARAMETRO
    (9) PARAMETROS -> . PARAMETRO
    (10) PARAMETRO -> . expresion
    (15) expresion -> . expresion MAS expresion
    (16) expresion -> . expresion MENOS expresion
    (17) expresion -> . expresion MULTIPLICACION expresion
    (18) expresion -> . expresion DIVISION expresion
    (19) expresion -> . expresion POTENCIA expresion
    (20) expresion -> . expresion MODULO expresion
    (21) expresion -> . expresion MAYORQUE expresion
    (22) expresion -> . expresion MENORQUE expresion
    (23) expresion -> . expresion MAYORIGUAL expresion
    (24) expresion -> . expresion MENORIGUAL expresion
    (25) expresion -> . expresion IGUALIGUAL expresion
    (26) expresion -> . expresion DIFERENTE expresion
    (27) expresion -> . expresion RAND expresion
    (28) expresion -> . expresion ROR expresion
    (29) expresion -> . RNOT expresion
    (30) expresion -> . MENOS expresion
    (31) expresion -> . PARA expresion PARC
    (32) expresion -> . ENTERO
    (33) expresion -> . DECIMAL
    (34) expresion -> . CADENA
    (35) expresion -> . ID
    (36) expresion -> . RTRUE
    (37) expresion -> . RFALSE
    (38) expresion -> . RNULO

    RNOT            shift and go to state 15
    MENOS           shift and go to state 14
    PARA            shift and go to state 10
    ENTERO          shift and go to state 16
    DECIMAL         shift and go to state 17
    CADENA          shift and go to state 18
    ID              shift and go to state 19
    RTRUE           shift and go to state 20
    RFALSE          shift and go to state 21
    RNULO           shift and go to state 22

    PARAMETROS                     shift and go to state 11
    PARAMETRO                      shift and go to state 12
    expresion                      shift and go to state 13

state 10

    (31) expresion -> PARA . expresion PARC
    (15) expresion -> . expresion MAS expresion
    (16) expresion -> . expresion MENOS expresion
    (17) expresion -> . expresion MULTIPLICACION expresion
    (18) expresion -> . expresion DIVISION expresion
    (19) expresion -> . expresion POTENCIA expresion
    (20) expresion -> . expresion MODULO expresion
    (21) expresion -> . expresion MAYORQUE expresion
    (22) expresion -> . expresion MENORQUE expresion
    (23) expresion -> . expresion MAYORIGUAL expresion
    (24) expresion -> . expresion MENORIGUAL expresion
    (25) expresion -> . expresion IGUALIGUAL expresion
    (26) expresion -> . expresion DIFERENTE expresion
    (27) expresion -> . expresion RAND expresion
    (28) expresion -> . expresion ROR expresion
    (29) expresion -> . RNOT expresion
    (30) expresion -> . MENOS expresion
    (31) expresion -> . PARA expresion PARC
    (32) expresion -> . ENTERO
    (33) expresion -> . DECIMAL
    (34) expresion -> . CADENA
    (35) expresion -> . ID
    (36) expresion -> . RTRUE
    (37) expresion -> . RFALSE
    (38) expresion -> . RNULO

    RNOT            shift and go to state 15
    MENOS           shift and go to state 14
    PARA            shift and go to state 10
    ENTERO          shift and go to state 16
    DECIMAL         shift and go to state 17
    CADENA          shift and go to state 18
    ID              shift and go to state 19
    RTRUE           shift and go to state 20
    RFALSE          shift and go to state 21
    RNULO           shift and go to state 22

    expresion                      shift and go to state 23

state 11

    (14) imprimir_instr -> RPRINT PARA PARAMETROS . PARC
    (8) PARAMETROS -> PARAMETROS . COMA PARAMETRO

    PARC            shift and go to state 24
    COMA            shift and go to state 25


state 12

    (9) PARAMETROS -> PARAMETRO .

    PARC            reduce using rule 9 (PARAMETROS -> PARAMETRO .)
    COMA            reduce using rule 9 (PARAMETROS -> PARAMETRO .)


state 13

    (10) PARAMETRO -> expresion .
    (15) expresion -> expresion . MAS expresion
    (16) expresion -> expresion . MENOS expresion
    (17) expresion -> expresion . MULTIPLICACION expresion
    (18) expresion -> expresion . DIVISION expresion
    (19) expresion -> expresion . POTENCIA expresion
    (20) expresion -> expresion . MODULO expresion
    (21) expresion -> expresion . MAYORQUE expresion
    (22) expresion -> expresion . MENORQUE expresion
    (23) expresion -> expresion . MAYORIGUAL expresion
    (24) expresion -> expresion . MENORIGUAL expresion
    (25) expresion -> expresion . IGUALIGUAL expresion
    (26) expresion -> expresion . DIFERENTE expresion
    (27) expresion -> expresion . RAND expresion
    (28) expresion -> expresion . ROR expresion

    PARC            reduce using rule 10 (PARAMETRO -> expresion .)
    COMA            reduce using rule 10 (PARAMETRO -> expresion .)
    MAS             shift and go to state 26
    MENOS           shift and go to state 27
    MULTIPLICACION  shift and go to state 28
    DIVISION        shift and go to state 29
    POTENCIA        shift and go to state 30
    MODULO          shift and go to state 31
    MAYORQUE        shift and go to state 32
    MENORQUE        shift and go to state 33
    MAYORIGUAL      shift and go to state 34
    MENORIGUAL      shift and go to state 35
    IGUALIGUAL      shift and go to state 36
    DIFERENTE       shift and go to state 37
    RAND            shift and go to state 38
    ROR             shift and go to state 39


state 14

    (30) expresion -> MENOS . expresion
    (15) expresion -> . expresion MAS expresion
    (16) expresion -> . expresion MENOS expresion
    (17) expresion -> . expresion MULTIPLICACION expresion
    (18) expresion -> . expresion DIVISION expresion
    (19) expresion -> . expresion POTENCIA expresion
    (20) expresion -> . expresion MODULO expresion
    (21) expresion -> . expresion MAYORQUE expresion
    (22) expresion -> . expresion MENORQUE expresion
    (23) expresion -> . expresion MAYORIGUAL expresion
    (24) expresion -> . expresion MENORIGUAL expresion
    (25) expresion -> . expresion IGUALIGUAL expresion
    (26) expresion -> . expresion DIFERENTE expresion
    (27) expresion -> . expresion RAND expresion
    (28) expresion -> . expresion ROR expresion
    (29) expresion -> . RNOT expresion
    (30) expresion -> . MENOS expresion
    (31) expresion -> . PARA expresion PARC
    (32) expresion -> . ENTERO
    (33) expresion -> . DECIMAL
    (34) expresion -> . CADENA
    (35) expresion -> . ID
    (36) expresion -> . RTRUE
    (37) expresion -> . RFALSE
    (38) expresion -> . RNULO

    RNOT            shift and go to state 15
    MENOS           shift and go to state 14
    PARA            shift and go to state 10
    ENTERO          shift and go to state 16
    DECIMAL         shift and go to state 17
    CADENA          shift and go to state 18
    ID              shift and go to state 19
    RTRUE           shift and go to state 20
    RFALSE          shift and go to state 21
    RNULO           shift and go to state 22

    expresion                      shift and go to state 40

state 15

    (29) expresion -> RNOT . expresion
    (15) expresion -> . expresion MAS expresion
    (16) expresion -> . expresion MENOS expresion
    (17) expresion -> . expresion MULTIPLICACION expresion
    (18) expresion -> . expresion DIVISION expresion
    (19) expresion -> . expresion POTENCIA expresion
    (20) expresion -> . expresion MODULO expresion
    (21) expresion -> . expresion MAYORQUE expresion
    (22) expresion -> . expresion MENORQUE expresion
    (23) expresion -> . expresion MAYORIGUAL expresion
    (24) expresion -> . expresion MENORIGUAL expresion
    (25) expresion -> . expresion IGUALIGUAL expresion
    (26) expresion -> . expresion DIFERENTE expresion
    (27) expresion -> . expresion RAND expresion
    (28) expresion -> . expresion ROR expresion
    (29) expresion -> . RNOT expresion
    (30) expresion -> . MENOS expresion
    (31) expresion -> . PARA expresion PARC
    (32) expresion -> . ENTERO
    (33) expresion -> . DECIMAL
    (34) expresion -> . CADENA
    (35) expresion -> . ID
    (36) expresion -> . RTRUE
    (37) expresion -> . RFALSE
    (38) expresion -> . RNULO

    RNOT            shift and go to state 15
    MENOS           shift and go to state 14
    PARA            shift and go to state 10
    ENTERO          shift and go to state 16
    DECIMAL         shift and go to state 17
    CADENA          shift and go to state 18
    ID              shift and go to state 19
    RTRUE           shift and go to state 20
    RFALSE          shift and go to state 21
    RNULO           shift and go to state 22

    expresion                      shift and go to state 41

state 16

    (32) expresion -> ENTERO .

    MAS             reduce using rule 32 (expresion -> ENTERO .)
    MENOS           reduce using rule 32 (expresion -> ENTERO .)
    MULTIPLICACION  reduce using rule 32 (expresion -> ENTERO .)
    DIVISION        reduce using rule 32 (expresion -> ENTERO .)
    POTENCIA        reduce using rule 32 (expresion -> ENTERO .)
    MODULO          reduce using rule 32 (expresion -> ENTERO .)
    MAYORQUE        reduce using rule 32 (expresion -> ENTERO .)
    MENORQUE        reduce using rule 32 (expresion -> ENTERO .)
    MAYORIGUAL      reduce using rule 32 (expresion -> ENTERO .)
    MENORIGUAL      reduce using rule 32 (expresion -> ENTERO .)
    IGUALIGUAL      reduce using rule 32 (expresion -> ENTERO .)
    DIFERENTE       reduce using rule 32 (expresion -> ENTERO .)
    RAND            reduce using rule 32 (expresion -> ENTERO .)
    ROR             reduce using rule 32 (expresion -> ENTERO .)
    PARC            reduce using rule 32 (expresion -> ENTERO .)
    COMA            reduce using rule 32 (expresion -> ENTERO .)


state 17

    (33) expresion -> DECIMAL .

    MAS             reduce using rule 33 (expresion -> DECIMAL .)
    MENOS           reduce using rule 33 (expresion -> DECIMAL .)
    MULTIPLICACION  reduce using rule 33 (expresion -> DECIMAL .)
    DIVISION        reduce using rule 33 (expresion -> DECIMAL .)
    POTENCIA        reduce using rule 33 (expresion -> DECIMAL .)
    MODULO          reduce using rule 33 (expresion -> DECIMAL .)
    MAYORQUE        reduce using rule 33 (expresion -> DECIMAL .)
    MENORQUE        reduce using rule 33 (expresion -> DECIMAL .)
    MAYORIGUAL      reduce using rule 33 (expresion -> DECIMAL .)
    MENORIGUAL      reduce using rule 33 (expresion -> DECIMAL .)
    IGUALIGUAL      reduce using rule 33 (expresion -> DECIMAL .)
    DIFERENTE       reduce using rule 33 (expresion -> DECIMAL .)
    RAND            reduce using rule 33 (expresion -> DECIMAL .)
    ROR             reduce using rule 33 (expresion -> DECIMAL .)
    PARC            reduce using rule 33 (expresion -> DECIMAL .)
    COMA            reduce using rule 33 (expresion -> DECIMAL .)


state 18

    (34) expresion -> CADENA .

    MAS             reduce using rule 34 (expresion -> CADENA .)
    MENOS           reduce using rule 34 (expresion -> CADENA .)
    MULTIPLICACION  reduce using rule 34 (expresion -> CADENA .)
    DIVISION        reduce using rule 34 (expresion -> CADENA .)
    POTENCIA        reduce using rule 34 (expresion -> CADENA .)
    MODULO          reduce using rule 34 (expresion -> CADENA .)
    MAYORQUE        reduce using rule 34 (expresion -> CADENA .)
    MENORQUE        reduce using rule 34 (expresion -> CADENA .)
    MAYORIGUAL      reduce using rule 34 (expresion -> CADENA .)
    MENORIGUAL      reduce using rule 34 (expresion -> CADENA .)
    IGUALIGUAL      reduce using rule 34 (expresion -> CADENA .)
    DIFERENTE       reduce using rule 34 (expresion -> CADENA .)
    RAND            reduce using rule 34 (expresion -> CADENA .)
    ROR             reduce using rule 34 (expresion -> CADENA .)
    PARC            reduce using rule 34 (expresion -> CADENA .)
    COMA            reduce using rule 34 (expresion -> CADENA .)


state 19

    (35) expresion -> ID .

    MAS             reduce using rule 35 (expresion -> ID .)
    MENOS           reduce using rule 35 (expresion -> ID .)
    MULTIPLICACION  reduce using rule 35 (expresion -> ID .)
    DIVISION        reduce using rule 35 (expresion -> ID .)
    POTENCIA        reduce using rule 35 (expresion -> ID .)
    MODULO          reduce using rule 35 (expresion -> ID .)
    MAYORQUE        reduce using rule 35 (expresion -> ID .)
    MENORQUE        reduce using rule 35 (expresion -> ID .)
    MAYORIGUAL      reduce using rule 35 (expresion -> ID .)
    MENORIGUAL      reduce using rule 35 (expresion -> ID .)
    IGUALIGUAL      reduce using rule 35 (expresion -> ID .)
    DIFERENTE       reduce using rule 35 (expresion -> ID .)
    RAND            reduce using rule 35 (expresion -> ID .)
    ROR             reduce using rule 35 (expresion -> ID .)
    PARC            reduce using rule 35 (expresion -> ID .)
    COMA            reduce using rule 35 (expresion -> ID .)


state 20

    (36) expresion -> RTRUE .

    MAS             reduce using rule 36 (expresion -> RTRUE .)
    MENOS           reduce using rule 36 (expresion -> RTRUE .)
    MULTIPLICACION  reduce using rule 36 (expresion -> RTRUE .)
    DIVISION        reduce using rule 36 (expresion -> RTRUE .)
    POTENCIA        reduce using rule 36 (expresion -> RTRUE .)
    MODULO          reduce using rule 36 (expresion -> RTRUE .)
    MAYORQUE        reduce using rule 36 (expresion -> RTRUE .)
    MENORQUE        reduce using rule 36 (expresion -> RTRUE .)
    MAYORIGUAL      reduce using rule 36 (expresion -> RTRUE .)
    MENORIGUAL      reduce using rule 36 (expresion -> RTRUE .)
    IGUALIGUAL      reduce using rule 36 (expresion -> RTRUE .)
    DIFERENTE       reduce using rule 36 (expresion -> RTRUE .)
    RAND            reduce using rule 36 (expresion -> RTRUE .)
    ROR             reduce using rule 36 (expresion -> RTRUE .)
    PARC            reduce using rule 36 (expresion -> RTRUE .)
    COMA            reduce using rule 36 (expresion -> RTRUE .)


state 21

    (37) expresion -> RFALSE .

    MAS             reduce using rule 37 (expresion -> RFALSE .)
    MENOS           reduce using rule 37 (expresion -> RFALSE .)
    MULTIPLICACION  reduce using rule 37 (expresion -> RFALSE .)
    DIVISION        reduce using rule 37 (expresion -> RFALSE .)
    POTENCIA        reduce using rule 37 (expresion -> RFALSE .)
    MODULO          reduce using rule 37 (expresion -> RFALSE .)
    MAYORQUE        reduce using rule 37 (expresion -> RFALSE .)
    MENORQUE        reduce using rule 37 (expresion -> RFALSE .)
    MAYORIGUAL      reduce using rule 37 (expresion -> RFALSE .)
    MENORIGUAL      reduce using rule 37 (expresion -> RFALSE .)
    IGUALIGUAL      reduce using rule 37 (expresion -> RFALSE .)
    DIFERENTE       reduce using rule 37 (expresion -> RFALSE .)
    RAND            reduce using rule 37 (expresion -> RFALSE .)
    ROR             reduce using rule 37 (expresion -> RFALSE .)
    PARC            reduce using rule 37 (expresion -> RFALSE .)
    COMA            reduce using rule 37 (expresion -> RFALSE .)


state 22

    (38) expresion -> RNULO .

    MAS             reduce using rule 38 (expresion -> RNULO .)
    MENOS           reduce using rule 38 (expresion -> RNULO .)
    MULTIPLICACION  reduce using rule 38 (expresion -> RNULO .)
    DIVISION        reduce using rule 38 (expresion -> RNULO .)
    POTENCIA        reduce using rule 38 (expresion -> RNULO .)
    MODULO          reduce using rule 38 (expresion -> RNULO .)
    MAYORQUE        reduce using rule 38 (expresion -> RNULO .)
    MENORQUE        reduce using rule 38 (expresion -> RNULO .)
    MAYORIGUAL      reduce using rule 38 (expresion -> RNULO .)
    MENORIGUAL      reduce using rule 38 (expresion -> RNULO .)
    IGUALIGUAL      reduce using rule 38 (expresion -> RNULO .)
    DIFERENTE       reduce using rule 38 (expresion -> RNULO .)
    RAND            reduce using rule 38 (expresion -> RNULO .)
    ROR             reduce using rule 38 (expresion -> RNULO .)
    PARC            reduce using rule 38 (expresion -> RNULO .)
    COMA            reduce using rule 38 (expresion -> RNULO .)


state 23

    (31) expresion -> PARA expresion . PARC
    (15) expresion -> expresion . MAS expresion
    (16) expresion -> expresion . MENOS expresion
    (17) expresion -> expresion . MULTIPLICACION expresion
    (18) expresion -> expresion . DIVISION expresion
    (19) expresion -> expresion . POTENCIA expresion
    (20) expresion -> expresion . MODULO expresion
    (21) expresion -> expresion . MAYORQUE expresion
    (22) expresion -> expresion . MENORQUE expresion
    (23) expresion -> expresion . MAYORIGUAL expresion
    (24) expresion -> expresion . MENORIGUAL expresion
    (25) expresion -> expresion . IGUALIGUAL expresion
    (26) expresion -> expresion . DIFERENTE expresion
    (27) expresion -> expresion . RAND expresion
    (28) expresion -> expresion . ROR expresion

    PARC            shift and go to state 42
    MAS             shift and go to state 26
    MENOS           shift and go to state 27
    MULTIPLICACION  shift and go to state 28
    DIVISION        shift and go to state 29
    POTENCIA        shift and go to state 30
    MODULO          shift and go to state 31
    MAYORQUE        shift and go to state 32
    MENORQUE        shift and go to state 33
    MAYORIGUAL      shift and go to state 34
    MENORIGUAL      shift and go to state 35
    IGUALIGUAL      shift and go to state 36
    DIFERENTE       shift and go to state 37
    RAND            shift and go to state 38
    ROR             shift and go to state 39


state 24

    (14) imprimir_instr -> RPRINT PARA PARAMETROS PARC .

    RPRINT          reduce using rule 14 (imprimir_instr -> RPRINT PARA PARAMETROS PARC .)
    $end            reduce using rule 14 (imprimir_instr -> RPRINT PARA PARAMETROS PARC .)


state 25

    (8) PARAMETROS -> PARAMETROS COMA . PARAMETRO
    (10) PARAMETRO -> . expresion
    (15) expresion -> . expresion MAS expresion
    (16) expresion -> . expresion MENOS expresion
    (17) expresion -> . expresion MULTIPLICACION expresion
    (18) expresion -> . expresion DIVISION expresion
    (19) expresion -> . expresion POTENCIA expresion
    (20) expresion -> . expresion MODULO expresion
    (21) expresion -> . expresion MAYORQUE expresion
    (22) expresion -> . expresion MENORQUE expresion
    (23) expresion -> . expresion MAYORIGUAL expresion
    (24) expresion -> . expresion MENORIGUAL expresion
    (25) expresion -> . expresion IGUALIGUAL expresion
    (26) expresion -> . expresion DIFERENTE expresion
    (27) expresion -> . expresion RAND expresion
    (28) expresion -> . expresion ROR expresion
    (29) expresion -> . RNOT expresion
    (30) expresion -> . MENOS expresion
    (31) expresion -> . PARA expresion PARC
    (32) expresion -> . ENTERO
    (33) expresion -> . DECIMAL
    (34) expresion -> . CADENA
    (35) expresion -> . ID
    (36) expresion -> . RTRUE
    (37) expresion -> . RFALSE
    (38) expresion -> . RNULO

    RNOT            shift and go to state 15
    MENOS           shift and go to state 14
    PARA            shift and go to state 10
    ENTERO          shift and go to state 16
    DECIMAL         shift and go to state 17
    CADENA          shift and go to state 18
    ID              shift and go to state 19
    RTRUE           shift and go to state 20
    RFALSE          shift and go to state 21
    RNULO           shift and go to state 22

    PARAMETRO                      shift and go to state 43
    expresion                      shift and go to state 13

state 26

    (15) expresion -> expresion MAS . expresion
    (15) expresion -> . expresion MAS expresion
    (16) expresion -> . expresion MENOS expresion
    (17) expresion -> . expresion MULTIPLICACION expresion
    (18) expresion -> . expresion DIVISION expresion
    (19) expresion -> . expresion POTENCIA expresion
    (20) expresion -> . expresion MODULO expresion
    (21) expresion -> . expresion MAYORQUE expresion
    (22) expresion -> . expresion MENORQUE expresion
    (23) expresion -> . expresion MAYORIGUAL expresion
    (24) expresion -> . expresion MENORIGUAL expresion
    (25) expresion -> . expresion IGUALIGUAL expresion
    (26) expresion -> . expresion DIFERENTE expresion
    (27) expresion -> . expresion RAND expresion
    (28) expresion -> . expresion ROR expresion
    (29) expresion -> . RNOT expresion
    (30) expresion -> . MENOS expresion
    (31) expresion -> . PARA expresion PARC
    (32) expresion -> . ENTERO
    (33) expresion -> . DECIMAL
    (34) expresion -> . CADENA
    (35) expresion -> . ID
    (36) expresion -> . RTRUE
    (37) expresion -> . RFALSE
    (38) expresion -> . RNULO

    RNOT            shift and go to state 15
    MENOS           shift and go to state 14
    PARA            shift and go to state 10
    ENTERO          shift and go to state 16
    DECIMAL         shift and go to state 17
    CADENA          shift and go to state 18
    ID              shift and go to state 19
    RTRUE           shift and go to state 20
    RFALSE          shift and go to state 21
    RNULO           shift and go to state 22

    expresion                      shift and go to state 44

state 27

    (16) expresion -> expresion MENOS . expresion
    (15) expresion -> . expresion MAS expresion
    (16) expresion -> . expresion MENOS expresion
    (17) expresion -> . expresion MULTIPLICACION expresion
    (18) expresion -> . expresion DIVISION expresion
    (19) expresion -> . expresion POTENCIA expresion
    (20) expresion -> . expresion MODULO expresion
    (21) expresion -> . expresion MAYORQUE expresion
    (22) expresion -> . expresion MENORQUE expresion
    (23) expresion -> . expresion MAYORIGUAL expresion
    (24) expresion -> . expresion MENORIGUAL expresion
    (25) expresion -> . expresion IGUALIGUAL expresion
    (26) expresion -> . expresion DIFERENTE expresion
    (27) expresion -> . expresion RAND expresion
    (28) expresion -> . expresion ROR expresion
    (29) expresion -> . RNOT expresion
    (30) expresion -> . MENOS expresion
    (31) expresion -> . PARA expresion PARC
    (32) expresion -> . ENTERO
    (33) expresion -> . DECIMAL
    (34) expresion -> . CADENA
    (35) expresion -> . ID
    (36) expresion -> . RTRUE
    (37) expresion -> . RFALSE
    (38) expresion -> . RNULO

    RNOT            shift and go to state 15
    MENOS           shift and go to state 14
    PARA            shift and go to state 10
    ENTERO          shift and go to state 16
    DECIMAL         shift and go to state 17
    CADENA          shift and go to state 18
    ID              shift and go to state 19
    RTRUE           shift and go to state 20
    RFALSE          shift and go to state 21
    RNULO           shift and go to state 22

    expresion                      shift and go to state 45

state 28

    (17) expresion -> expresion MULTIPLICACION . expresion
    (15) expresion -> . expresion MAS expresion
    (16) expresion -> . expresion MENOS expresion
    (17) expresion -> . expresion MULTIPLICACION expresion
    (18) expresion -> . expresion DIVISION expresion
    (19) expresion -> . expresion POTENCIA expresion
    (20) expresion -> . expresion MODULO expresion
    (21) expresion -> . expresion MAYORQUE expresion
    (22) expresion -> . expresion MENORQUE expresion
    (23) expresion -> . expresion MAYORIGUAL expresion
    (24) expresion -> . expresion MENORIGUAL expresion
    (25) expresion -> . expresion IGUALIGUAL expresion
    (26) expresion -> . expresion DIFERENTE expresion
    (27) expresion -> . expresion RAND expresion
    (28) expresion -> . expresion ROR expresion
    (29) expresion -> . RNOT expresion
    (30) expresion -> . MENOS expresion
    (31) expresion -> . PARA expresion PARC
    (32) expresion -> . ENTERO
    (33) expresion -> . DECIMAL
    (34) expresion -> . CADENA
    (35) expresion -> . ID
    (36) expresion -> . RTRUE
    (37) expresion -> . RFALSE
    (38) expresion -> . RNULO

    RNOT            shift and go to state 15
    MENOS           shift and go to state 14
    PARA            shift and go to state 10
    ENTERO          shift and go to state 16
    DECIMAL         shift and go to state 17
    CADENA          shift and go to state 18
    ID              shift and go to state 19
    RTRUE           shift and go to state 20
    RFALSE          shift and go to state 21
    RNULO           shift and go to state 22

    expresion                      shift and go to state 46

state 29

    (18) expresion -> expresion DIVISION . expresion
    (15) expresion -> . expresion MAS expresion
    (16) expresion -> . expresion MENOS expresion
    (17) expresion -> . expresion MULTIPLICACION expresion
    (18) expresion -> . expresion DIVISION expresion
    (19) expresion -> . expresion POTENCIA expresion
    (20) expresion -> . expresion MODULO expresion
    (21) expresion -> . expresion MAYORQUE expresion
    (22) expresion -> . expresion MENORQUE expresion
    (23) expresion -> . expresion MAYORIGUAL expresion
    (24) expresion -> . expresion MENORIGUAL expresion
    (25) expresion -> . expresion IGUALIGUAL expresion
    (26) expresion -> . expresion DIFERENTE expresion
    (27) expresion -> . expresion RAND expresion
    (28) expresion -> . expresion ROR expresion
    (29) expresion -> . RNOT expresion
    (30) expresion -> . MENOS expresion
    (31) expresion -> . PARA expresion PARC
    (32) expresion -> . ENTERO
    (33) expresion -> . DECIMAL
    (34) expresion -> . CADENA
    (35) expresion -> . ID
    (36) expresion -> . RTRUE
    (37) expresion -> . RFALSE
    (38) expresion -> . RNULO

    RNOT            shift and go to state 15
    MENOS           shift and go to state 14
    PARA            shift and go to state 10
    ENTERO          shift and go to state 16
    DECIMAL         shift and go to state 17
    CADENA          shift and go to state 18
    ID              shift and go to state 19
    RTRUE           shift and go to state 20
    RFALSE          shift and go to state 21
    RNULO           shift and go to state 22

    expresion                      shift and go to state 47

state 30

    (19) expresion -> expresion POTENCIA . expresion
    (15) expresion -> . expresion MAS expresion
    (16) expresion -> . expresion MENOS expresion
    (17) expresion -> . expresion MULTIPLICACION expresion
    (18) expresion -> . expresion DIVISION expresion
    (19) expresion -> . expresion POTENCIA expresion
    (20) expresion -> . expresion MODULO expresion
    (21) expresion -> . expresion MAYORQUE expresion
    (22) expresion -> . expresion MENORQUE expresion
    (23) expresion -> . expresion MAYORIGUAL expresion
    (24) expresion -> . expresion MENORIGUAL expresion
    (25) expresion -> . expresion IGUALIGUAL expresion
    (26) expresion -> . expresion DIFERENTE expresion
    (27) expresion -> . expresion RAND expresion
    (28) expresion -> . expresion ROR expresion
    (29) expresion -> . RNOT expresion
    (30) expresion -> . MENOS expresion
    (31) expresion -> . PARA expresion PARC
    (32) expresion -> . ENTERO
    (33) expresion -> . DECIMAL
    (34) expresion -> . CADENA
    (35) expresion -> . ID
    (36) expresion -> . RTRUE
    (37) expresion -> . RFALSE
    (38) expresion -> . RNULO

    RNOT            shift and go to state 15
    MENOS           shift and go to state 14
    PARA            shift and go to state 10
    ENTERO          shift and go to state 16
    DECIMAL         shift and go to state 17
    CADENA          shift and go to state 18
    ID              shift and go to state 19
    RTRUE           shift and go to state 20
    RFALSE          shift and go to state 21
    RNULO           shift and go to state 22

    expresion                      shift and go to state 48

state 31

    (20) expresion -> expresion MODULO . expresion
    (15) expresion -> . expresion MAS expresion
    (16) expresion -> . expresion MENOS expresion
    (17) expresion -> . expresion MULTIPLICACION expresion
    (18) expresion -> . expresion DIVISION expresion
    (19) expresion -> . expresion POTENCIA expresion
    (20) expresion -> . expresion MODULO expresion
    (21) expresion -> . expresion MAYORQUE expresion
    (22) expresion -> . expresion MENORQUE expresion
    (23) expresion -> . expresion MAYORIGUAL expresion
    (24) expresion -> . expresion MENORIGUAL expresion
    (25) expresion -> . expresion IGUALIGUAL expresion
    (26) expresion -> . expresion DIFERENTE expresion
    (27) expresion -> . expresion RAND expresion
    (28) expresion -> . expresion ROR expresion
    (29) expresion -> . RNOT expresion
    (30) expresion -> . MENOS expresion
    (31) expresion -> . PARA expresion PARC
    (32) expresion -> . ENTERO
    (33) expresion -> . DECIMAL
    (34) expresion -> . CADENA
    (35) expresion -> . ID
    (36) expresion -> . RTRUE
    (37) expresion -> . RFALSE
    (38) expresion -> . RNULO

    RNOT            shift and go to state 15
    MENOS           shift and go to state 14
    PARA            shift and go to state 10
    ENTERO          shift and go to state 16
    DECIMAL         shift and go to state 17
    CADENA          shift and go to state 18
    ID              shift and go to state 19
    RTRUE           shift and go to state 20
    RFALSE          shift and go to state 21
    RNULO           shift and go to state 22

    expresion                      shift and go to state 49

state 32

    (21) expresion -> expresion MAYORQUE . expresion
    (15) expresion -> . expresion MAS expresion
    (16) expresion -> . expresion MENOS expresion
    (17) expresion -> . expresion MULTIPLICACION expresion
    (18) expresion -> . expresion DIVISION expresion
    (19) expresion -> . expresion POTENCIA expresion
    (20) expresion -> . expresion MODULO expresion
    (21) expresion -> . expresion MAYORQUE expresion
    (22) expresion -> . expresion MENORQUE expresion
    (23) expresion -> . expresion MAYORIGUAL expresion
    (24) expresion -> . expresion MENORIGUAL expresion
    (25) expresion -> . expresion IGUALIGUAL expresion
    (26) expresion -> . expresion DIFERENTE expresion
    (27) expresion -> . expresion RAND expresion
    (28) expresion -> . expresion ROR expresion
    (29) expresion -> . RNOT expresion
    (30) expresion -> . MENOS expresion
    (31) expresion -> . PARA expresion PARC
    (32) expresion -> . ENTERO
    (33) expresion -> . DECIMAL
    (34) expresion -> . CADENA
    (35) expresion -> . ID
    (36) expresion -> . RTRUE
    (37) expresion -> . RFALSE
    (38) expresion -> . RNULO

    RNOT            shift and go to state 15
    MENOS           shift and go to state 14
    PARA            shift and go to state 10
    ENTERO          shift and go to state 16
    DECIMAL         shift and go to state 17
    CADENA          shift and go to state 18
    ID              shift and go to state 19
    RTRUE           shift and go to state 20
    RFALSE          shift and go to state 21
    RNULO           shift and go to state 22

    expresion                      shift and go to state 50

state 33

    (22) expresion -> expresion MENORQUE . expresion
    (15) expresion -> . expresion MAS expresion
    (16) expresion -> . expresion MENOS expresion
    (17) expresion -> . expresion MULTIPLICACION expresion
    (18) expresion -> . expresion DIVISION expresion
    (19) expresion -> . expresion POTENCIA expresion
    (20) expresion -> . expresion MODULO expresion
    (21) expresion -> . expresion MAYORQUE expresion
    (22) expresion -> . expresion MENORQUE expresion
    (23) expresion -> . expresion MAYORIGUAL expresion
    (24) expresion -> . expresion MENORIGUAL expresion
    (25) expresion -> . expresion IGUALIGUAL expresion
    (26) expresion -> . expresion DIFERENTE expresion
    (27) expresion -> . expresion RAND expresion
    (28) expresion -> . expresion ROR expresion
    (29) expresion -> . RNOT expresion
    (30) expresion -> . MENOS expresion
    (31) expresion -> . PARA expresion PARC
    (32) expresion -> . ENTERO
    (33) expresion -> . DECIMAL
    (34) expresion -> . CADENA
    (35) expresion -> . ID
    (36) expresion -> . RTRUE
    (37) expresion -> . RFALSE
    (38) expresion -> . RNULO

    RNOT            shift and go to state 15
    MENOS           shift and go to state 14
    PARA            shift and go to state 10
    ENTERO          shift and go to state 16
    DECIMAL         shift and go to state 17
    CADENA          shift and go to state 18
    ID              shift and go to state 19
    RTRUE           shift and go to state 20
    RFALSE          shift and go to state 21
    RNULO           shift and go to state 22

    expresion                      shift and go to state 51

state 34

    (23) expresion -> expresion MAYORIGUAL . expresion
    (15) expresion -> . expresion MAS expresion
    (16) expresion -> . expresion MENOS expresion
    (17) expresion -> . expresion MULTIPLICACION expresion
    (18) expresion -> . expresion DIVISION expresion
    (19) expresion -> . expresion POTENCIA expresion
    (20) expresion -> . expresion MODULO expresion
    (21) expresion -> . expresion MAYORQUE expresion
    (22) expresion -> . expresion MENORQUE expresion
    (23) expresion -> . expresion MAYORIGUAL expresion
    (24) expresion -> . expresion MENORIGUAL expresion
    (25) expresion -> . expresion IGUALIGUAL expresion
    (26) expresion -> . expresion DIFERENTE expresion
    (27) expresion -> . expresion RAND expresion
    (28) expresion -> . expresion ROR expresion
    (29) expresion -> . RNOT expresion
    (30) expresion -> . MENOS expresion
    (31) expresion -> . PARA expresion PARC
    (32) expresion -> . ENTERO
    (33) expresion -> . DECIMAL
    (34) expresion -> . CADENA
    (35) expresion -> . ID
    (36) expresion -> . RTRUE
    (37) expresion -> . RFALSE
    (38) expresion -> . RNULO

    RNOT            shift and go to state 15
    MENOS           shift and go to state 14
    PARA            shift and go to state 10
    ENTERO          shift and go to state 16
    DECIMAL         shift and go to state 17
    CADENA          shift and go to state 18
    ID              shift and go to state 19
    RTRUE           shift and go to state 20
    RFALSE          shift and go to state 21
    RNULO           shift and go to state 22

    expresion                      shift and go to state 52

state 35

    (24) expresion -> expresion MENORIGUAL . expresion
    (15) expresion -> . expresion MAS expresion
    (16) expresion -> . expresion MENOS expresion
    (17) expresion -> . expresion MULTIPLICACION expresion
    (18) expresion -> . expresion DIVISION expresion
    (19) expresion -> . expresion POTENCIA expresion
    (20) expresion -> . expresion MODULO expresion
    (21) expresion -> . expresion MAYORQUE expresion
    (22) expresion -> . expresion MENORQUE expresion
    (23) expresion -> . expresion MAYORIGUAL expresion
    (24) expresion -> . expresion MENORIGUAL expresion
    (25) expresion -> . expresion IGUALIGUAL expresion
    (26) expresion -> . expresion DIFERENTE expresion
    (27) expresion -> . expresion RAND expresion
    (28) expresion -> . expresion ROR expresion
    (29) expresion -> . RNOT expresion
    (30) expresion -> . MENOS expresion
    (31) expresion -> . PARA expresion PARC
    (32) expresion -> . ENTERO
    (33) expresion -> . DECIMAL
    (34) expresion -> . CADENA
    (35) expresion -> . ID
    (36) expresion -> . RTRUE
    (37) expresion -> . RFALSE
    (38) expresion -> . RNULO

    RNOT            shift and go to state 15
    MENOS           shift and go to state 14
    PARA            shift and go to state 10
    ENTERO          shift and go to state 16
    DECIMAL         shift and go to state 17
    CADENA          shift and go to state 18
    ID              shift and go to state 19
    RTRUE           shift and go to state 20
    RFALSE          shift and go to state 21
    RNULO           shift and go to state 22

    expresion                      shift and go to state 53

state 36

    (25) expresion -> expresion IGUALIGUAL . expresion
    (15) expresion -> . expresion MAS expresion
    (16) expresion -> . expresion MENOS expresion
    (17) expresion -> . expresion MULTIPLICACION expresion
    (18) expresion -> . expresion DIVISION expresion
    (19) expresion -> . expresion POTENCIA expresion
    (20) expresion -> . expresion MODULO expresion
    (21) expresion -> . expresion MAYORQUE expresion
    (22) expresion -> . expresion MENORQUE expresion
    (23) expresion -> . expresion MAYORIGUAL expresion
    (24) expresion -> . expresion MENORIGUAL expresion
    (25) expresion -> . expresion IGUALIGUAL expresion
    (26) expresion -> . expresion DIFERENTE expresion
    (27) expresion -> . expresion RAND expresion
    (28) expresion -> . expresion ROR expresion
    (29) expresion -> . RNOT expresion
    (30) expresion -> . MENOS expresion
    (31) expresion -> . PARA expresion PARC
    (32) expresion -> . ENTERO
    (33) expresion -> . DECIMAL
    (34) expresion -> . CADENA
    (35) expresion -> . ID
    (36) expresion -> . RTRUE
    (37) expresion -> . RFALSE
    (38) expresion -> . RNULO

    RNOT            shift and go to state 15
    MENOS           shift and go to state 14
    PARA            shift and go to state 10
    ENTERO          shift and go to state 16
    DECIMAL         shift and go to state 17
    CADENA          shift and go to state 18
    ID              shift and go to state 19
    RTRUE           shift and go to state 20
    RFALSE          shift and go to state 21
    RNULO           shift and go to state 22

    expresion                      shift and go to state 54

state 37

    (26) expresion -> expresion DIFERENTE . expresion
    (15) expresion -> . expresion MAS expresion
    (16) expresion -> . expresion MENOS expresion
    (17) expresion -> . expresion MULTIPLICACION expresion
    (18) expresion -> . expresion DIVISION expresion
    (19) expresion -> . expresion POTENCIA expresion
    (20) expresion -> . expresion MODULO expresion
    (21) expresion -> . expresion MAYORQUE expresion
    (22) expresion -> . expresion MENORQUE expresion
    (23) expresion -> . expresion MAYORIGUAL expresion
    (24) expresion -> . expresion MENORIGUAL expresion
    (25) expresion -> . expresion IGUALIGUAL expresion
    (26) expresion -> . expresion DIFERENTE expresion
    (27) expresion -> . expresion RAND expresion
    (28) expresion -> . expresion ROR expresion
    (29) expresion -> . RNOT expresion
    (30) expresion -> . MENOS expresion
    (31) expresion -> . PARA expresion PARC
    (32) expresion -> . ENTERO
    (33) expresion -> . DECIMAL
    (34) expresion -> . CADENA
    (35) expresion -> . ID
    (36) expresion -> . RTRUE
    (37) expresion -> . RFALSE
    (38) expresion -> . RNULO

    RNOT            shift and go to state 15
    MENOS           shift and go to state 14
    PARA            shift and go to state 10
    ENTERO          shift and go to state 16
    DECIMAL         shift and go to state 17
    CADENA          shift and go to state 18
    ID              shift and go to state 19
    RTRUE           shift and go to state 20
    RFALSE          shift and go to state 21
    RNULO           shift and go to state 22

    expresion                      shift and go to state 55

state 38

    (27) expresion -> expresion RAND . expresion
    (15) expresion -> . expresion MAS expresion
    (16) expresion -> . expresion MENOS expresion
    (17) expresion -> . expresion MULTIPLICACION expresion
    (18) expresion -> . expresion DIVISION expresion
    (19) expresion -> . expresion POTENCIA expresion
    (20) expresion -> . expresion MODULO expresion
    (21) expresion -> . expresion MAYORQUE expresion
    (22) expresion -> . expresion MENORQUE expresion
    (23) expresion -> . expresion MAYORIGUAL expresion
    (24) expresion -> . expresion MENORIGUAL expresion
    (25) expresion -> . expresion IGUALIGUAL expresion
    (26) expresion -> . expresion DIFERENTE expresion
    (27) expresion -> . expresion RAND expresion
    (28) expresion -> . expresion ROR expresion
    (29) expresion -> . RNOT expresion
    (30) expresion -> . MENOS expresion
    (31) expresion -> . PARA expresion PARC
    (32) expresion -> . ENTERO
    (33) expresion -> . DECIMAL
    (34) expresion -> . CADENA
    (35) expresion -> . ID
    (36) expresion -> . RTRUE
    (37) expresion -> . RFALSE
    (38) expresion -> . RNULO

    RNOT            shift and go to state 15
    MENOS           shift and go to state 14
    PARA            shift and go to state 10
    ENTERO          shift and go to state 16
    DECIMAL         shift and go to state 17
    CADENA          shift and go to state 18
    ID              shift and go to state 19
    RTRUE           shift and go to state 20
    RFALSE          shift and go to state 21
    RNULO           shift and go to state 22

    expresion                      shift and go to state 56

state 39

    (28) expresion -> expresion ROR . expresion
    (15) expresion -> . expresion MAS expresion
    (16) expresion -> . expresion MENOS expresion
    (17) expresion -> . expresion MULTIPLICACION expresion
    (18) expresion -> . expresion DIVISION expresion
    (19) expresion -> . expresion POTENCIA expresion
    (20) expresion -> . expresion MODULO expresion
    (21) expresion -> . expresion MAYORQUE expresion
    (22) expresion -> . expresion MENORQUE expresion
    (23) expresion -> . expresion MAYORIGUAL expresion
    (24) expresion -> . expresion MENORIGUAL expresion
    (25) expresion -> . expresion IGUALIGUAL expresion
    (26) expresion -> . expresion DIFERENTE expresion
    (27) expresion -> . expresion RAND expresion
    (28) expresion -> . expresion ROR expresion
    (29) expresion -> . RNOT expresion
    (30) expresion -> . MENOS expresion
    (31) expresion -> . PARA expresion PARC
    (32) expresion -> . ENTERO
    (33) expresion -> . DECIMAL
    (34) expresion -> . CADENA
    (35) expresion -> . ID
    (36) expresion -> . RTRUE
    (37) expresion -> . RFALSE
    (38) expresion -> . RNULO

    RNOT            shift and go to state 15
    MENOS           shift and go to state 14
    PARA            shift and go to state 10
    ENTERO          shift and go to state 16
    DECIMAL         shift and go to state 17
    CADENA          shift and go to state 18
    ID              shift and go to state 19
    RTRUE           shift and go to state 20
    RFALSE          shift and go to state 21
    RNULO           shift and go to state 22

    expresion                      shift and go to state 57

state 40

    (30) expresion -> MENOS expresion .
    (15) expresion -> expresion . MAS expresion
    (16) expresion -> expresion . MENOS expresion
    (17) expresion -> expresion . MULTIPLICACION expresion
    (18) expresion -> expresion . DIVISION expresion
    (19) expresion -> expresion . POTENCIA expresion
    (20) expresion -> expresion . MODULO expresion
    (21) expresion -> expresion . MAYORQUE expresion
    (22) expresion -> expresion . MENORQUE expresion
    (23) expresion -> expresion . MAYORIGUAL expresion
    (24) expresion -> expresion . MENORIGUAL expresion
    (25) expresion -> expresion . IGUALIGUAL expresion
    (26) expresion -> expresion . DIFERENTE expresion
    (27) expresion -> expresion . RAND expresion
    (28) expresion -> expresion . ROR expresion

    MAS             reduce using rule 30 (expresion -> MENOS expresion .)
    MENOS           reduce using rule 30 (expresion -> MENOS expresion .)
    MULTIPLICACION  reduce using rule 30 (expresion -> MENOS expresion .)
    DIVISION        reduce using rule 30 (expresion -> MENOS expresion .)
    POTENCIA        reduce using rule 30 (expresion -> MENOS expresion .)
    MODULO          reduce using rule 30 (expresion -> MENOS expresion .)
    MAYORQUE        reduce using rule 30 (expresion -> MENOS expresion .)
    MENORQUE        reduce using rule 30 (expresion -> MENOS expresion .)
    MAYORIGUAL      reduce using rule 30 (expresion -> MENOS expresion .)
    MENORIGUAL      reduce using rule 30 (expresion -> MENOS expresion .)
    IGUALIGUAL      reduce using rule 30 (expresion -> MENOS expresion .)
    DIFERENTE       reduce using rule 30 (expresion -> MENOS expresion .)
    RAND            reduce using rule 30 (expresion -> MENOS expresion .)
    ROR             reduce using rule 30 (expresion -> MENOS expresion .)
    PARC            reduce using rule 30 (expresion -> MENOS expresion .)
    COMA            reduce using rule 30 (expresion -> MENOS expresion .)

  ! MAS             [ shift and go to state 26 ]
  ! MENOS           [ shift and go to state 27 ]
  ! MULTIPLICACION  [ shift and go to state 28 ]
  ! DIVISION        [ shift and go to state 29 ]
  ! POTENCIA        [ shift and go to state 30 ]
  ! MODULO          [ shift and go to state 31 ]
  ! MAYORQUE        [ shift and go to state 32 ]
  ! MENORQUE        [ shift and go to state 33 ]
  ! MAYORIGUAL      [ shift and go to state 34 ]
  ! MENORIGUAL      [ shift and go to state 35 ]
  ! IGUALIGUAL      [ shift and go to state 36 ]
  ! DIFERENTE       [ shift and go to state 37 ]
  ! RAND            [ shift and go to state 38 ]
  ! ROR             [ shift and go to state 39 ]


state 41

    (29) expresion -> RNOT expresion .
    (15) expresion -> expresion . MAS expresion
    (16) expresion -> expresion . MENOS expresion
    (17) expresion -> expresion . MULTIPLICACION expresion
    (18) expresion -> expresion . DIVISION expresion
    (19) expresion -> expresion . POTENCIA expresion
    (20) expresion -> expresion . MODULO expresion
    (21) expresion -> expresion . MAYORQUE expresion
    (22) expresion -> expresion . MENORQUE expresion
    (23) expresion -> expresion . MAYORIGUAL expresion
    (24) expresion -> expresion . MENORIGUAL expresion
    (25) expresion -> expresion . IGUALIGUAL expresion
    (26) expresion -> expresion . DIFERENTE expresion
    (27) expresion -> expresion . RAND expresion
    (28) expresion -> expresion . ROR expresion

    RAND            reduce using rule 29 (expresion -> RNOT expresion .)
    ROR             reduce using rule 29 (expresion -> RNOT expresion .)
    PARC            reduce using rule 29 (expresion -> RNOT expresion .)
    COMA            reduce using rule 29 (expresion -> RNOT expresion .)
    MAS             shift and go to state 26
    MENOS           shift and go to state 27
    MULTIPLICACION  shift and go to state 28
    DIVISION        shift and go to state 29
    POTENCIA        shift and go to state 30
    MODULO          shift and go to state 31
    MAYORQUE        shift and go to state 32
    MENORQUE        shift and go to state 33
    MAYORIGUAL      shift and go to state 34
    MENORIGUAL      shift and go to state 35
    IGUALIGUAL      shift and go to state 36
    DIFERENTE       shift and go to state 37

  ! MAS             [ reduce using rule 29 (expresion -> RNOT expresion .) ]
  ! MENOS           [ reduce using rule 29 (expresion -> RNOT expresion .) ]
  ! MULTIPLICACION  [ reduce using rule 29 (expresion -> RNOT expresion .) ]
  ! DIVISION        [ reduce using rule 29 (expresion -> RNOT expresion .) ]
  ! POTENCIA        [ reduce using rule 29 (expresion -> RNOT expresion .) ]
  ! MODULO          [ reduce using rule 29 (expresion -> RNOT expresion .) ]
  ! MAYORQUE        [ reduce using rule 29 (expresion -> RNOT expresion .) ]
  ! MENORQUE        [ reduce using rule 29 (expresion -> RNOT expresion .) ]
  ! MAYORIGUAL      [ reduce using rule 29 (expresion -> RNOT expresion .) ]
  ! MENORIGUAL      [ reduce using rule 29 (expresion -> RNOT expresion .) ]
  ! IGUALIGUAL      [ reduce using rule 29 (expresion -> RNOT expresion .) ]
  ! DIFERENTE       [ reduce using rule 29 (expresion -> RNOT expresion .) ]
  ! RAND            [ shift and go to state 38 ]
  ! ROR             [ shift and go to state 39 ]


state 42

    (31) expresion -> PARA expresion PARC .

    MAS             reduce using rule 31 (expresion -> PARA expresion PARC .)
    MENOS           reduce using rule 31 (expresion -> PARA expresion PARC .)
    MULTIPLICACION  reduce using rule 31 (expresion -> PARA expresion PARC .)
    DIVISION        reduce using rule 31 (expresion -> PARA expresion PARC .)
    POTENCIA        reduce using rule 31 (expresion -> PARA expresion PARC .)
    MODULO          reduce using rule 31 (expresion -> PARA expresion PARC .)
    MAYORQUE        reduce using rule 31 (expresion -> PARA expresion PARC .)
    MENORQUE        reduce using rule 31 (expresion -> PARA expresion PARC .)
    MAYORIGUAL      reduce using rule 31 (expresion -> PARA expresion PARC .)
    MENORIGUAL      reduce using rule 31 (expresion -> PARA expresion PARC .)
    IGUALIGUAL      reduce using rule 31 (expresion -> PARA expresion PARC .)
    DIFERENTE       reduce using rule 31 (expresion -> PARA expresion PARC .)
    RAND            reduce using rule 31 (expresion -> PARA expresion PARC .)
    ROR             reduce using rule 31 (expresion -> PARA expresion PARC .)
    PARC            reduce using rule 31 (expresion -> PARA expresion PARC .)
    COMA            reduce using rule 31 (expresion -> PARA expresion PARC .)


state 43

    (8) PARAMETROS -> PARAMETROS COMA PARAMETRO .

    PARC            reduce using rule 8 (PARAMETROS -> PARAMETROS COMA PARAMETRO .)
    COMA            reduce using rule 8 (PARAMETROS -> PARAMETROS COMA PARAMETRO .)


state 44

    (15) expresion -> expresion MAS expresion .
    (15) expresion -> expresion . MAS expresion
    (16) expresion -> expresion . MENOS expresion
    (17) expresion -> expresion . MULTIPLICACION expresion
    (18) expresion -> expresion . DIVISION expresion
    (19) expresion -> expresion . POTENCIA expresion
    (20) expresion -> expresion . MODULO expresion
    (21) expresion -> expresion . MAYORQUE expresion
    (22) expresion -> expresion . MENORQUE expresion
    (23) expresion -> expresion . MAYORIGUAL expresion
    (24) expresion -> expresion . MENORIGUAL expresion
    (25) expresion -> expresion . IGUALIGUAL expresion
    (26) expresion -> expresion . DIFERENTE expresion
    (27) expresion -> expresion . RAND expresion
    (28) expresion -> expresion . ROR expresion

    MAS             reduce using rule 15 (expresion -> expresion MAS expresion .)
    MENOS           reduce using rule 15 (expresion -> expresion MAS expresion .)
    MAYORQUE        reduce using rule 15 (expresion -> expresion MAS expresion .)
    MENORQUE        reduce using rule 15 (expresion -> expresion MAS expresion .)
    MAYORIGUAL      reduce using rule 15 (expresion -> expresion MAS expresion .)
    MENORIGUAL      reduce using rule 15 (expresion -> expresion MAS expresion .)
    IGUALIGUAL      reduce using rule 15 (expresion -> expresion MAS expresion .)
    DIFERENTE       reduce using rule 15 (expresion -> expresion MAS expresion .)
    RAND            reduce using rule 15 (expresion -> expresion MAS expresion .)
    ROR             reduce using rule 15 (expresion -> expresion MAS expresion .)
    PARC            reduce using rule 15 (expresion -> expresion MAS expresion .)
    COMA            reduce using rule 15 (expresion -> expresion MAS expresion .)
    MULTIPLICACION  shift and go to state 28
    DIVISION        shift and go to state 29
    POTENCIA        shift and go to state 30
    MODULO          shift and go to state 31

  ! MULTIPLICACION  [ reduce using rule 15 (expresion -> expresion MAS expresion .) ]
  ! DIVISION        [ reduce using rule 15 (expresion -> expresion MAS expresion .) ]
  ! POTENCIA        [ reduce using rule 15 (expresion -> expresion MAS expresion .) ]
  ! MODULO          [ reduce using rule 15 (expresion -> expresion MAS expresion .) ]
  ! MAS             [ shift and go to state 26 ]
  ! MENOS           [ shift and go to state 27 ]
  ! MAYORQUE        [ shift and go to state 32 ]
  ! MENORQUE        [ shift and go to state 33 ]
  ! MAYORIGUAL      [ shift and go to state 34 ]
  ! MENORIGUAL      [ shift and go to state 35 ]
  ! IGUALIGUAL      [ shift and go to state 36 ]
  ! DIFERENTE       [ shift and go to state 37 ]
  ! RAND            [ shift and go to state 38 ]
  ! ROR             [ shift and go to state 39 ]


state 45

    (16) expresion -> expresion MENOS expresion .
    (15) expresion -> expresion . MAS expresion
    (16) expresion -> expresion . MENOS expresion
    (17) expresion -> expresion . MULTIPLICACION expresion
    (18) expresion -> expresion . DIVISION expresion
    (19) expresion -> expresion . POTENCIA expresion
    (20) expresion -> expresion . MODULO expresion
    (21) expresion -> expresion . MAYORQUE expresion
    (22) expresion -> expresion . MENORQUE expresion
    (23) expresion -> expresion . MAYORIGUAL expresion
    (24) expresion -> expresion . MENORIGUAL expresion
    (25) expresion -> expresion . IGUALIGUAL expresion
    (26) expresion -> expresion . DIFERENTE expresion
    (27) expresion -> expresion . RAND expresion
    (28) expresion -> expresion . ROR expresion

    MAS             reduce using rule 16 (expresion -> expresion MENOS expresion .)
    MENOS           reduce using rule 16 (expresion -> expresion MENOS expresion .)
    MAYORQUE        reduce using rule 16 (expresion -> expresion MENOS expresion .)
    MENORQUE        reduce using rule 16 (expresion -> expresion MENOS expresion .)
    MAYORIGUAL      reduce using rule 16 (expresion -> expresion MENOS expresion .)
    MENORIGUAL      reduce using rule 16 (expresion -> expresion MENOS expresion .)
    IGUALIGUAL      reduce using rule 16 (expresion -> expresion MENOS expresion .)
    DIFERENTE       reduce using rule 16 (expresion -> expresion MENOS expresion .)
    RAND            reduce using rule 16 (expresion -> expresion MENOS expresion .)
    ROR             reduce using rule 16 (expresion -> expresion MENOS expresion .)
    PARC            reduce using rule 16 (expresion -> expresion MENOS expresion .)
    COMA            reduce using rule 16 (expresion -> expresion MENOS expresion .)
    MULTIPLICACION  shift and go to state 28
    DIVISION        shift and go to state 29
    POTENCIA        shift and go to state 30
    MODULO          shift and go to state 31

  ! MULTIPLICACION  [ reduce using rule 16 (expresion -> expresion MENOS expresion .) ]
  ! DIVISION        [ reduce using rule 16 (expresion -> expresion MENOS expresion .) ]
  ! POTENCIA        [ reduce using rule 16 (expresion -> expresion MENOS expresion .) ]
  ! MODULO          [ reduce using rule 16 (expresion -> expresion MENOS expresion .) ]
  ! MAS             [ shift and go to state 26 ]
  ! MENOS           [ shift and go to state 27 ]
  ! MAYORQUE        [ shift and go to state 32 ]
  ! MENORQUE        [ shift and go to state 33 ]
  ! MAYORIGUAL      [ shift and go to state 34 ]
  ! MENORIGUAL      [ shift and go to state 35 ]
  ! IGUALIGUAL      [ shift and go to state 36 ]
  ! DIFERENTE       [ shift and go to state 37 ]
  ! RAND            [ shift and go to state 38 ]
  ! ROR             [ shift and go to state 39 ]


state 46

    (17) expresion -> expresion MULTIPLICACION expresion .
    (15) expresion -> expresion . MAS expresion
    (16) expresion -> expresion . MENOS expresion
    (17) expresion -> expresion . MULTIPLICACION expresion
    (18) expresion -> expresion . DIVISION expresion
    (19) expresion -> expresion . POTENCIA expresion
    (20) expresion -> expresion . MODULO expresion
    (21) expresion -> expresion . MAYORQUE expresion
    (22) expresion -> expresion . MENORQUE expresion
    (23) expresion -> expresion . MAYORIGUAL expresion
    (24) expresion -> expresion . MENORIGUAL expresion
    (25) expresion -> expresion . IGUALIGUAL expresion
    (26) expresion -> expresion . DIFERENTE expresion
    (27) expresion -> expresion . RAND expresion
    (28) expresion -> expresion . ROR expresion

    MAS             reduce using rule 17 (expresion -> expresion MULTIPLICACION expresion .)
    MENOS           reduce using rule 17 (expresion -> expresion MULTIPLICACION expresion .)
    MULTIPLICACION  reduce using rule 17 (expresion -> expresion MULTIPLICACION expresion .)
    DIVISION        reduce using rule 17 (expresion -> expresion MULTIPLICACION expresion .)
    MODULO          reduce using rule 17 (expresion -> expresion MULTIPLICACION expresion .)
    MAYORQUE        reduce using rule 17 (expresion -> expresion MULTIPLICACION expresion .)
    MENORQUE        reduce using rule 17 (expresion -> expresion MULTIPLICACION expresion .)
    MAYORIGUAL      reduce using rule 17 (expresion -> expresion MULTIPLICACION expresion .)
    MENORIGUAL      reduce using rule 17 (expresion -> expresion MULTIPLICACION expresion .)
    IGUALIGUAL      reduce using rule 17 (expresion -> expresion MULTIPLICACION expresion .)
    DIFERENTE       reduce using rule 17 (expresion -> expresion MULTIPLICACION expresion .)
    RAND            reduce using rule 17 (expresion -> expresion MULTIPLICACION expresion .)
    ROR             reduce using rule 17 (expresion -> expresion MULTIPLICACION expresion .)
    PARC            reduce using rule 17 (expresion -> expresion MULTIPLICACION expresion .)
    COMA            reduce using rule 17 (expresion -> expresion MULTIPLICACION expresion .)
    POTENCIA        shift and go to state 30

  ! POTENCIA        [ reduce using rule 17 (expresion -> expresion MULTIPLICACION expresion .) ]
  ! MAS             [ shift and go to state 26 ]
  ! MENOS           [ shift and go to state 27 ]
  ! MULTIPLICACION  [ shift and go to state 28 ]
  ! DIVISION        [ shift and go to state 29 ]
  ! MODULO          [ shift and go to state 31 ]
  ! MAYORQUE        [ shift and go to state 32 ]
  ! MENORQUE        [ shift and go to state 33 ]
  ! MAYORIGUAL      [ shift and go to state 34 ]
  ! MENORIGUAL      [ shift and go to state 35 ]
  ! IGUALIGUAL      [ shift and go to state 36 ]
  ! DIFERENTE       [ shift and go to state 37 ]
  ! RAND            [ shift and go to state 38 ]
  ! ROR             [ shift and go to state 39 ]


state 47

    (18) expresion -> expresion DIVISION expresion .
    (15) expresion -> expresion . MAS expresion
    (16) expresion -> expresion . MENOS expresion
    (17) expresion -> expresion . MULTIPLICACION expresion
    (18) expresion -> expresion . DIVISION expresion
    (19) expresion -> expresion . POTENCIA expresion
    (20) expresion -> expresion . MODULO expresion
    (21) expresion -> expresion . MAYORQUE expresion
    (22) expresion -> expresion . MENORQUE expresion
    (23) expresion -> expresion . MAYORIGUAL expresion
    (24) expresion -> expresion . MENORIGUAL expresion
    (25) expresion -> expresion . IGUALIGUAL expresion
    (26) expresion -> expresion . DIFERENTE expresion
    (27) expresion -> expresion . RAND expresion
    (28) expresion -> expresion . ROR expresion

    MAS             reduce using rule 18 (expresion -> expresion DIVISION expresion .)
    MENOS           reduce using rule 18 (expresion -> expresion DIVISION expresion .)
    MULTIPLICACION  reduce using rule 18 (expresion -> expresion DIVISION expresion .)
    DIVISION        reduce using rule 18 (expresion -> expresion DIVISION expresion .)
    MODULO          reduce using rule 18 (expresion -> expresion DIVISION expresion .)
    MAYORQUE        reduce using rule 18 (expresion -> expresion DIVISION expresion .)
    MENORQUE        reduce using rule 18 (expresion -> expresion DIVISION expresion .)
    MAYORIGUAL      reduce using rule 18 (expresion -> expresion DIVISION expresion .)
    MENORIGUAL      reduce using rule 18 (expresion -> expresion DIVISION expresion .)
    IGUALIGUAL      reduce using rule 18 (expresion -> expresion DIVISION expresion .)
    DIFERENTE       reduce using rule 18 (expresion -> expresion DIVISION expresion .)
    RAND            reduce using rule 18 (expresion -> expresion DIVISION expresion .)
    ROR             reduce using rule 18 (expresion -> expresion DIVISION expresion .)
    PARC            reduce using rule 18 (expresion -> expresion DIVISION expresion .)
    COMA            reduce using rule 18 (expresion -> expresion DIVISION expresion .)
    POTENCIA        shift and go to state 30

  ! POTENCIA        [ reduce using rule 18 (expresion -> expresion DIVISION expresion .) ]
  ! MAS             [ shift and go to state 26 ]
  ! MENOS           [ shift and go to state 27 ]
  ! MULTIPLICACION  [ shift and go to state 28 ]
  ! DIVISION        [ shift and go to state 29 ]
  ! MODULO          [ shift and go to state 31 ]
  ! MAYORQUE        [ shift and go to state 32 ]
  ! MENORQUE        [ shift and go to state 33 ]
  ! MAYORIGUAL      [ shift and go to state 34 ]
  ! MENORIGUAL      [ shift and go to state 35 ]
  ! IGUALIGUAL      [ shift and go to state 36 ]
  ! DIFERENTE       [ shift and go to state 37 ]
  ! RAND            [ shift and go to state 38 ]
  ! ROR             [ shift and go to state 39 ]


state 48

    (19) expresion -> expresion POTENCIA expresion .
    (15) expresion -> expresion . MAS expresion
    (16) expresion -> expresion . MENOS expresion
    (17) expresion -> expresion . MULTIPLICACION expresion
    (18) expresion -> expresion . DIVISION expresion
    (19) expresion -> expresion . POTENCIA expresion
    (20) expresion -> expresion . MODULO expresion
    (21) expresion -> expresion . MAYORQUE expresion
    (22) expresion -> expresion . MENORQUE expresion
    (23) expresion -> expresion . MAYORIGUAL expresion
    (24) expresion -> expresion . MENORIGUAL expresion
    (25) expresion -> expresion . IGUALIGUAL expresion
    (26) expresion -> expresion . DIFERENTE expresion
    (27) expresion -> expresion . RAND expresion
    (28) expresion -> expresion . ROR expresion

    MAS             reduce using rule 19 (expresion -> expresion POTENCIA expresion .)
    MENOS           reduce using rule 19 (expresion -> expresion POTENCIA expresion .)
    MULTIPLICACION  reduce using rule 19 (expresion -> expresion POTENCIA expresion .)
    DIVISION        reduce using rule 19 (expresion -> expresion POTENCIA expresion .)
    POTENCIA        reduce using rule 19 (expresion -> expresion POTENCIA expresion .)
    MODULO          reduce using rule 19 (expresion -> expresion POTENCIA expresion .)
    MAYORQUE        reduce using rule 19 (expresion -> expresion POTENCIA expresion .)
    MENORQUE        reduce using rule 19 (expresion -> expresion POTENCIA expresion .)
    MAYORIGUAL      reduce using rule 19 (expresion -> expresion POTENCIA expresion .)
    MENORIGUAL      reduce using rule 19 (expresion -> expresion POTENCIA expresion .)
    IGUALIGUAL      reduce using rule 19 (expresion -> expresion POTENCIA expresion .)
    DIFERENTE       reduce using rule 19 (expresion -> expresion POTENCIA expresion .)
    RAND            reduce using rule 19 (expresion -> expresion POTENCIA expresion .)
    ROR             reduce using rule 19 (expresion -> expresion POTENCIA expresion .)
    PARC            reduce using rule 19 (expresion -> expresion POTENCIA expresion .)
    COMA            reduce using rule 19 (expresion -> expresion POTENCIA expresion .)

  ! MAS             [ shift and go to state 26 ]
  ! MENOS           [ shift and go to state 27 ]
  ! MULTIPLICACION  [ shift and go to state 28 ]
  ! DIVISION        [ shift and go to state 29 ]
  ! POTENCIA        [ shift and go to state 30 ]
  ! MODULO          [ shift and go to state 31 ]
  ! MAYORQUE        [ shift and go to state 32 ]
  ! MENORQUE        [ shift and go to state 33 ]
  ! MAYORIGUAL      [ shift and go to state 34 ]
  ! MENORIGUAL      [ shift and go to state 35 ]
  ! IGUALIGUAL      [ shift and go to state 36 ]
  ! DIFERENTE       [ shift and go to state 37 ]
  ! RAND            [ shift and go to state 38 ]
  ! ROR             [ shift and go to state 39 ]


state 49

    (20) expresion -> expresion MODULO expresion .
    (15) expresion -> expresion . MAS expresion
    (16) expresion -> expresion . MENOS expresion
    (17) expresion -> expresion . MULTIPLICACION expresion
    (18) expresion -> expresion . DIVISION expresion
    (19) expresion -> expresion . POTENCIA expresion
    (20) expresion -> expresion . MODULO expresion
    (21) expresion -> expresion . MAYORQUE expresion
    (22) expresion -> expresion . MENORQUE expresion
    (23) expresion -> expresion . MAYORIGUAL expresion
    (24) expresion -> expresion . MENORIGUAL expresion
    (25) expresion -> expresion . IGUALIGUAL expresion
    (26) expresion -> expresion . DIFERENTE expresion
    (27) expresion -> expresion . RAND expresion
    (28) expresion -> expresion . ROR expresion

    MAS             reduce using rule 20 (expresion -> expresion MODULO expresion .)
    MENOS           reduce using rule 20 (expresion -> expresion MODULO expresion .)
    MULTIPLICACION  reduce using rule 20 (expresion -> expresion MODULO expresion .)
    DIVISION        reduce using rule 20 (expresion -> expresion MODULO expresion .)
    MODULO          reduce using rule 20 (expresion -> expresion MODULO expresion .)
    MAYORQUE        reduce using rule 20 (expresion -> expresion MODULO expresion .)
    MENORQUE        reduce using rule 20 (expresion -> expresion MODULO expresion .)
    MAYORIGUAL      reduce using rule 20 (expresion -> expresion MODULO expresion .)
    MENORIGUAL      reduce using rule 20 (expresion -> expresion MODULO expresion .)
    IGUALIGUAL      reduce using rule 20 (expresion -> expresion MODULO expresion .)
    DIFERENTE       reduce using rule 20 (expresion -> expresion MODULO expresion .)
    RAND            reduce using rule 20 (expresion -> expresion MODULO expresion .)
    ROR             reduce using rule 20 (expresion -> expresion MODULO expresion .)
    PARC            reduce using rule 20 (expresion -> expresion MODULO expresion .)
    COMA            reduce using rule 20 (expresion -> expresion MODULO expresion .)
    POTENCIA        shift and go to state 30

  ! POTENCIA        [ reduce using rule 20 (expresion -> expresion MODULO expresion .) ]
  ! MAS             [ shift and go to state 26 ]
  ! MENOS           [ shift and go to state 27 ]
  ! MULTIPLICACION  [ shift and go to state 28 ]
  ! DIVISION        [ shift and go to state 29 ]
  ! MODULO          [ shift and go to state 31 ]
  ! MAYORQUE        [ shift and go to state 32 ]
  ! MENORQUE        [ shift and go to state 33 ]
  ! MAYORIGUAL      [ shift and go to state 34 ]
  ! MENORIGUAL      [ shift and go to state 35 ]
  ! IGUALIGUAL      [ shift and go to state 36 ]
  ! DIFERENTE       [ shift and go to state 37 ]
  ! RAND            [ shift and go to state 38 ]
  ! ROR             [ shift and go to state 39 ]


state 50

    (21) expresion -> expresion MAYORQUE expresion .
    (15) expresion -> expresion . MAS expresion
    (16) expresion -> expresion . MENOS expresion
    (17) expresion -> expresion . MULTIPLICACION expresion
    (18) expresion -> expresion . DIVISION expresion
    (19) expresion -> expresion . POTENCIA expresion
    (20) expresion -> expresion . MODULO expresion
    (21) expresion -> expresion . MAYORQUE expresion
    (22) expresion -> expresion . MENORQUE expresion
    (23) expresion -> expresion . MAYORIGUAL expresion
    (24) expresion -> expresion . MENORIGUAL expresion
    (25) expresion -> expresion . IGUALIGUAL expresion
    (26) expresion -> expresion . DIFERENTE expresion
    (27) expresion -> expresion . RAND expresion
    (28) expresion -> expresion . ROR expresion

    MAYORQUE        reduce using rule 21 (expresion -> expresion MAYORQUE expresion .)
    MENORQUE        reduce using rule 21 (expresion -> expresion MAYORQUE expresion .)
    MAYORIGUAL      reduce using rule 21 (expresion -> expresion MAYORQUE expresion .)
    MENORIGUAL      reduce using rule 21 (expresion -> expresion MAYORQUE expresion .)
    IGUALIGUAL      reduce using rule 21 (expresion -> expresion MAYORQUE expresion .)
    DIFERENTE       reduce using rule 21 (expresion -> expresion MAYORQUE expresion .)
    RAND            reduce using rule 21 (expresion -> expresion MAYORQUE expresion .)
    ROR             reduce using rule 21 (expresion -> expresion MAYORQUE expresion .)
    PARC            reduce using rule 21 (expresion -> expresion MAYORQUE expresion .)
    COMA            reduce using rule 21 (expresion -> expresion MAYORQUE expresion .)
    MAS             shift and go to state 26
    MENOS           shift and go to state 27
    MULTIPLICACION  shift and go to state 28
    DIVISION        shift and go to state 29
    POTENCIA        shift and go to state 30
    MODULO          shift and go to state 31

  ! MAS             [ reduce using rule 21 (expresion -> expresion MAYORQUE expresion .) ]
  ! MENOS           [ reduce using rule 21 (expresion -> expresion MAYORQUE expresion .) ]
  ! MULTIPLICACION  [ reduce using rule 21 (expresion -> expresion MAYORQUE expresion .) ]
  ! DIVISION        [ reduce using rule 21 (expresion -> expresion MAYORQUE expresion .) ]
  ! POTENCIA        [ reduce using rule 21 (expresion -> expresion MAYORQUE expresion .) ]
  ! MODULO          [ reduce using rule 21 (expresion -> expresion MAYORQUE expresion .) ]
  ! MAYORQUE        [ shift and go to state 32 ]
  ! MENORQUE        [ shift and go to state 33 ]
  ! MAYORIGUAL      [ shift and go to state 34 ]
  ! MENORIGUAL      [ shift and go to state 35 ]
  ! IGUALIGUAL      [ shift and go to state 36 ]
  ! DIFERENTE       [ shift and go to state 37 ]
  ! RAND            [ shift and go to state 38 ]
  ! ROR             [ shift and go to state 39 ]


state 51

    (22) expresion -> expresion MENORQUE expresion .
    (15) expresion -> expresion . MAS expresion
    (16) expresion -> expresion . MENOS expresion
    (17) expresion -> expresion . MULTIPLICACION expresion
    (18) expresion -> expresion . DIVISION expresion
    (19) expresion -> expresion . POTENCIA expresion
    (20) expresion -> expresion . MODULO expresion
    (21) expresion -> expresion . MAYORQUE expresion
    (22) expresion -> expresion . MENORQUE expresion
    (23) expresion -> expresion . MAYORIGUAL expresion
    (24) expresion -> expresion . MENORIGUAL expresion
    (25) expresion -> expresion . IGUALIGUAL expresion
    (26) expresion -> expresion . DIFERENTE expresion
    (27) expresion -> expresion . RAND expresion
    (28) expresion -> expresion . ROR expresion

    MAYORQUE        reduce using rule 22 (expresion -> expresion MENORQUE expresion .)
    MENORQUE        reduce using rule 22 (expresion -> expresion MENORQUE expresion .)
    MAYORIGUAL      reduce using rule 22 (expresion -> expresion MENORQUE expresion .)
    MENORIGUAL      reduce using rule 22 (expresion -> expresion MENORQUE expresion .)
    IGUALIGUAL      reduce using rule 22 (expresion -> expresion MENORQUE expresion .)
    DIFERENTE       reduce using rule 22 (expresion -> expresion MENORQUE expresion .)
    RAND            reduce using rule 22 (expresion -> expresion MENORQUE expresion .)
    ROR             reduce using rule 22 (expresion -> expresion MENORQUE expresion .)
    PARC            reduce using rule 22 (expresion -> expresion MENORQUE expresion .)
    COMA            reduce using rule 22 (expresion -> expresion MENORQUE expresion .)
    MAS             shift and go to state 26
    MENOS           shift and go to state 27
    MULTIPLICACION  shift and go to state 28
    DIVISION        shift and go to state 29
    POTENCIA        shift and go to state 30
    MODULO          shift and go to state 31

  ! MAS             [ reduce using rule 22 (expresion -> expresion MENORQUE expresion .) ]
  ! MENOS           [ reduce using rule 22 (expresion -> expresion MENORQUE expresion .) ]
  ! MULTIPLICACION  [ reduce using rule 22 (expresion -> expresion MENORQUE expresion .) ]
  ! DIVISION        [ reduce using rule 22 (expresion -> expresion MENORQUE expresion .) ]
  ! POTENCIA        [ reduce using rule 22 (expresion -> expresion MENORQUE expresion .) ]
  ! MODULO          [ reduce using rule 22 (expresion -> expresion MENORQUE expresion .) ]
  ! MAYORQUE        [ shift and go to state 32 ]
  ! MENORQUE        [ shift and go to state 33 ]
  ! MAYORIGUAL      [ shift and go to state 34 ]
  ! MENORIGUAL      [ shift and go to state 35 ]
  ! IGUALIGUAL      [ shift and go to state 36 ]
  ! DIFERENTE       [ shift and go to state 37 ]
  ! RAND            [ shift and go to state 38 ]
  ! ROR             [ shift and go to state 39 ]


state 52

    (23) expresion -> expresion MAYORIGUAL expresion .
    (15) expresion -> expresion . MAS expresion
    (16) expresion -> expresion . MENOS expresion
    (17) expresion -> expresion . MULTIPLICACION expresion
    (18) expresion -> expresion . DIVISION expresion
    (19) expresion -> expresion . POTENCIA expresion
    (20) expresion -> expresion . MODULO expresion
    (21) expresion -> expresion . MAYORQUE expresion
    (22) expresion -> expresion . MENORQUE expresion
    (23) expresion -> expresion . MAYORIGUAL expresion
    (24) expresion -> expresion . MENORIGUAL expresion
    (25) expresion -> expresion . IGUALIGUAL expresion
    (26) expresion -> expresion . DIFERENTE expresion
    (27) expresion -> expresion . RAND expresion
    (28) expresion -> expresion . ROR expresion

    MAYORQUE        reduce using rule 23 (expresion -> expresion MAYORIGUAL expresion .)
    MENORQUE        reduce using rule 23 (expresion -> expresion MAYORIGUAL expresion .)
    MAYORIGUAL      reduce using rule 23 (expresion -> expresion MAYORIGUAL expresion .)
    MENORIGUAL      reduce using rule 23 (expresion -> expresion MAYORIGUAL expresion .)
    IGUALIGUAL      reduce using rule 23 (expresion -> expresion MAYORIGUAL expresion .)
    DIFERENTE       reduce using rule 23 (expresion -> expresion MAYORIGUAL expresion .)
    RAND            reduce using rule 23 (expresion -> expresion MAYORIGUAL expresion .)
    ROR             reduce using rule 23 (expresion -> expresion MAYORIGUAL expresion .)
    PARC            reduce using rule 23 (expresion -> expresion MAYORIGUAL expresion .)
    COMA            reduce using rule 23 (expresion -> expresion MAYORIGUAL expresion .)
    MAS             shift and go to state 26
    MENOS           shift and go to state 27
    MULTIPLICACION  shift and go to state 28
    DIVISION        shift and go to state 29
    POTENCIA        shift and go to state 30
    MODULO          shift and go to state 31

  ! MAS             [ reduce using rule 23 (expresion -> expresion MAYORIGUAL expresion .) ]
  ! MENOS           [ reduce using rule 23 (expresion -> expresion MAYORIGUAL expresion .) ]
  ! MULTIPLICACION  [ reduce using rule 23 (expresion -> expresion MAYORIGUAL expresion .) ]
  ! DIVISION        [ reduce using rule 23 (expresion -> expresion MAYORIGUAL expresion .) ]
  ! POTENCIA        [ reduce using rule 23 (expresion -> expresion MAYORIGUAL expresion .) ]
  ! MODULO          [ reduce using rule 23 (expresion -> expresion MAYORIGUAL expresion .) ]
  ! MAYORQUE        [ shift and go to state 32 ]
  ! MENORQUE        [ shift and go to state 33 ]
  ! MAYORIGUAL      [ shift and go to state 34 ]
  ! MENORIGUAL      [ shift and go to state 35 ]
  ! IGUALIGUAL      [ shift and go to state 36 ]
  ! DIFERENTE       [ shift and go to state 37 ]
  ! RAND            [ shift and go to state 38 ]
  ! ROR             [ shift and go to state 39 ]


state 53

    (24) expresion -> expresion MENORIGUAL expresion .
    (15) expresion -> expresion . MAS expresion
    (16) expresion -> expresion . MENOS expresion
    (17) expresion -> expresion . MULTIPLICACION expresion
    (18) expresion -> expresion . DIVISION expresion
    (19) expresion -> expresion . POTENCIA expresion
    (20) expresion -> expresion . MODULO expresion
    (21) expresion -> expresion . MAYORQUE expresion
    (22) expresion -> expresion . MENORQUE expresion
    (23) expresion -> expresion . MAYORIGUAL expresion
    (24) expresion -> expresion . MENORIGUAL expresion
    (25) expresion -> expresion . IGUALIGUAL expresion
    (26) expresion -> expresion . DIFERENTE expresion
    (27) expresion -> expresion . RAND expresion
    (28) expresion -> expresion . ROR expresion

    MAYORQUE        reduce using rule 24 (expresion -> expresion MENORIGUAL expresion .)
    MENORQUE        reduce using rule 24 (expresion -> expresion MENORIGUAL expresion .)
    MAYORIGUAL      reduce using rule 24 (expresion -> expresion MENORIGUAL expresion .)
    MENORIGUAL      reduce using rule 24 (expresion -> expresion MENORIGUAL expresion .)
    IGUALIGUAL      reduce using rule 24 (expresion -> expresion MENORIGUAL expresion .)
    DIFERENTE       reduce using rule 24 (expresion -> expresion MENORIGUAL expresion .)
    RAND            reduce using rule 24 (expresion -> expresion MENORIGUAL expresion .)
    ROR             reduce using rule 24 (expresion -> expresion MENORIGUAL expresion .)
    PARC            reduce using rule 24 (expresion -> expresion MENORIGUAL expresion .)
    COMA            reduce using rule 24 (expresion -> expresion MENORIGUAL expresion .)
    MAS             shift and go to state 26
    MENOS           shift and go to state 27
    MULTIPLICACION  shift and go to state 28
    DIVISION        shift and go to state 29
    POTENCIA        shift and go to state 30
    MODULO          shift and go to state 31

  ! MAS             [ reduce using rule 24 (expresion -> expresion MENORIGUAL expresion .) ]
  ! MENOS           [ reduce using rule 24 (expresion -> expresion MENORIGUAL expresion .) ]
  ! MULTIPLICACION  [ reduce using rule 24 (expresion -> expresion MENORIGUAL expresion .) ]
  ! DIVISION        [ reduce using rule 24 (expresion -> expresion MENORIGUAL expresion .) ]
  ! POTENCIA        [ reduce using rule 24 (expresion -> expresion MENORIGUAL expresion .) ]
  ! MODULO          [ reduce using rule 24 (expresion -> expresion MENORIGUAL expresion .) ]
  ! MAYORQUE        [ shift and go to state 32 ]
  ! MENORQUE        [ shift and go to state 33 ]
  ! MAYORIGUAL      [ shift and go to state 34 ]
  ! MENORIGUAL      [ shift and go to state 35 ]
  ! IGUALIGUAL      [ shift and go to state 36 ]
  ! DIFERENTE       [ shift and go to state 37 ]
  ! RAND            [ shift and go to state 38 ]
  ! ROR             [ shift and go to state 39 ]


state 54

    (25) expresion -> expresion IGUALIGUAL expresion .
    (15) expresion -> expresion . MAS expresion
    (16) expresion -> expresion . MENOS expresion
    (17) expresion -> expresion . MULTIPLICACION expresion
    (18) expresion -> expresion . DIVISION expresion
    (19) expresion -> expresion . POTENCIA expresion
    (20) expresion -> expresion . MODULO expresion
    (21) expresion -> expresion . MAYORQUE expresion
    (22) expresion -> expresion . MENORQUE expresion
    (23) expresion -> expresion . MAYORIGUAL expresion
    (24) expresion -> expresion . MENORIGUAL expresion
    (25) expresion -> expresion . IGUALIGUAL expresion
    (26) expresion -> expresion . DIFERENTE expresion
    (27) expresion -> expresion . RAND expresion
    (28) expresion -> expresion . ROR expresion

    MAYORQUE        reduce using rule 25 (expresion -> expresion IGUALIGUAL expresion .)
    MENORQUE        reduce using rule 25 (expresion -> expresion IGUALIGUAL expresion .)
    MAYORIGUAL      reduce using rule 25 (expresion -> expresion IGUALIGUAL expresion .)
    MENORIGUAL      reduce using rule 25 (expresion -> expresion IGUALIGUAL expresion .)
    IGUALIGUAL      reduce using rule 25 (expresion -> expresion IGUALIGUAL expresion .)
    DIFERENTE       reduce using rule 25 (expresion -> expresion IGUALIGUAL expresion .)
    RAND            reduce using rule 25 (expresion -> expresion IGUALIGUAL expresion .)
    ROR             reduce using rule 25 (expresion -> expresion IGUALIGUAL expresion .)
    PARC            reduce using rule 25 (expresion -> expresion IGUALIGUAL expresion .)
    COMA            reduce using rule 25 (expresion -> expresion IGUALIGUAL expresion .)
    MAS             shift and go to state 26
    MENOS           shift and go to state 27
    MULTIPLICACION  shift and go to state 28
    DIVISION        shift and go to state 29
    POTENCIA        shift and go to state 30
    MODULO          shift and go to state 31

  ! MAS             [ reduce using rule 25 (expresion -> expresion IGUALIGUAL expresion .) ]
  ! MENOS           [ reduce using rule 25 (expresion -> expresion IGUALIGUAL expresion .) ]
  ! MULTIPLICACION  [ reduce using rule 25 (expresion -> expresion IGUALIGUAL expresion .) ]
  ! DIVISION        [ reduce using rule 25 (expresion -> expresion IGUALIGUAL expresion .) ]
  ! POTENCIA        [ reduce using rule 25 (expresion -> expresion IGUALIGUAL expresion .) ]
  ! MODULO          [ reduce using rule 25 (expresion -> expresion IGUALIGUAL expresion .) ]
  ! MAYORQUE        [ shift and go to state 32 ]
  ! MENORQUE        [ shift and go to state 33 ]
  ! MAYORIGUAL      [ shift and go to state 34 ]
  ! MENORIGUAL      [ shift and go to state 35 ]
  ! IGUALIGUAL      [ shift and go to state 36 ]
  ! DIFERENTE       [ shift and go to state 37 ]
  ! RAND            [ shift and go to state 38 ]
  ! ROR             [ shift and go to state 39 ]


state 55

    (26) expresion -> expresion DIFERENTE expresion .
    (15) expresion -> expresion . MAS expresion
    (16) expresion -> expresion . MENOS expresion
    (17) expresion -> expresion . MULTIPLICACION expresion
    (18) expresion -> expresion . DIVISION expresion
    (19) expresion -> expresion . POTENCIA expresion
    (20) expresion -> expresion . MODULO expresion
    (21) expresion -> expresion . MAYORQUE expresion
    (22) expresion -> expresion . MENORQUE expresion
    (23) expresion -> expresion . MAYORIGUAL expresion
    (24) expresion -> expresion . MENORIGUAL expresion
    (25) expresion -> expresion . IGUALIGUAL expresion
    (26) expresion -> expresion . DIFERENTE expresion
    (27) expresion -> expresion . RAND expresion
    (28) expresion -> expresion . ROR expresion

    MAYORQUE        reduce using rule 26 (expresion -> expresion DIFERENTE expresion .)
    MENORQUE        reduce using rule 26 (expresion -> expresion DIFERENTE expresion .)
    MAYORIGUAL      reduce using rule 26 (expresion -> expresion DIFERENTE expresion .)
    MENORIGUAL      reduce using rule 26 (expresion -> expresion DIFERENTE expresion .)
    IGUALIGUAL      reduce using rule 26 (expresion -> expresion DIFERENTE expresion .)
    DIFERENTE       reduce using rule 26 (expresion -> expresion DIFERENTE expresion .)
    RAND            reduce using rule 26 (expresion -> expresion DIFERENTE expresion .)
    ROR             reduce using rule 26 (expresion -> expresion DIFERENTE expresion .)
    PARC            reduce using rule 26 (expresion -> expresion DIFERENTE expresion .)
    COMA            reduce using rule 26 (expresion -> expresion DIFERENTE expresion .)
    MAS             shift and go to state 26
    MENOS           shift and go to state 27
    MULTIPLICACION  shift and go to state 28
    DIVISION        shift and go to state 29
    POTENCIA        shift and go to state 30
    MODULO          shift and go to state 31

  ! MAS             [ reduce using rule 26 (expresion -> expresion DIFERENTE expresion .) ]
  ! MENOS           [ reduce using rule 26 (expresion -> expresion DIFERENTE expresion .) ]
  ! MULTIPLICACION  [ reduce using rule 26 (expresion -> expresion DIFERENTE expresion .) ]
  ! DIVISION        [ reduce using rule 26 (expresion -> expresion DIFERENTE expresion .) ]
  ! POTENCIA        [ reduce using rule 26 (expresion -> expresion DIFERENTE expresion .) ]
  ! MODULO          [ reduce using rule 26 (expresion -> expresion DIFERENTE expresion .) ]
  ! MAYORQUE        [ shift and go to state 32 ]
  ! MENORQUE        [ shift and go to state 33 ]
  ! MAYORIGUAL      [ shift and go to state 34 ]
  ! MENORIGUAL      [ shift and go to state 35 ]
  ! IGUALIGUAL      [ shift and go to state 36 ]
  ! DIFERENTE       [ shift and go to state 37 ]
  ! RAND            [ shift and go to state 38 ]
  ! ROR             [ shift and go to state 39 ]


state 56

    (27) expresion -> expresion RAND expresion .
    (15) expresion -> expresion . MAS expresion
    (16) expresion -> expresion . MENOS expresion
    (17) expresion -> expresion . MULTIPLICACION expresion
    (18) expresion -> expresion . DIVISION expresion
    (19) expresion -> expresion . POTENCIA expresion
    (20) expresion -> expresion . MODULO expresion
    (21) expresion -> expresion . MAYORQUE expresion
    (22) expresion -> expresion . MENORQUE expresion
    (23) expresion -> expresion . MAYORIGUAL expresion
    (24) expresion -> expresion . MENORIGUAL expresion
    (25) expresion -> expresion . IGUALIGUAL expresion
    (26) expresion -> expresion . DIFERENTE expresion
    (27) expresion -> expresion . RAND expresion
    (28) expresion -> expresion . ROR expresion

    RAND            reduce using rule 27 (expresion -> expresion RAND expresion .)
    ROR             reduce using rule 27 (expresion -> expresion RAND expresion .)
    PARC            reduce using rule 27 (expresion -> expresion RAND expresion .)
    COMA            reduce using rule 27 (expresion -> expresion RAND expresion .)
    MAS             shift and go to state 26
    MENOS           shift and go to state 27
    MULTIPLICACION  shift and go to state 28
    DIVISION        shift and go to state 29
    POTENCIA        shift and go to state 30
    MODULO          shift and go to state 31
    MAYORQUE        shift and go to state 32
    MENORQUE        shift and go to state 33
    MAYORIGUAL      shift and go to state 34
    MENORIGUAL      shift and go to state 35
    IGUALIGUAL      shift and go to state 36
    DIFERENTE       shift and go to state 37

  ! MAS             [ reduce using rule 27 (expresion -> expresion RAND expresion .) ]
  ! MENOS           [ reduce using rule 27 (expresion -> expresion RAND expresion .) ]
  ! MULTIPLICACION  [ reduce using rule 27 (expresion -> expresion RAND expresion .) ]
  ! DIVISION        [ reduce using rule 27 (expresion -> expresion RAND expresion .) ]
  ! POTENCIA        [ reduce using rule 27 (expresion -> expresion RAND expresion .) ]
  ! MODULO          [ reduce using rule 27 (expresion -> expresion RAND expresion .) ]
  ! MAYORQUE        [ reduce using rule 27 (expresion -> expresion RAND expresion .) ]
  ! MENORQUE        [ reduce using rule 27 (expresion -> expresion RAND expresion .) ]
  ! MAYORIGUAL      [ reduce using rule 27 (expresion -> expresion RAND expresion .) ]
  ! MENORIGUAL      [ reduce using rule 27 (expresion -> expresion RAND expresion .) ]
  ! IGUALIGUAL      [ reduce using rule 27 (expresion -> expresion RAND expresion .) ]
  ! DIFERENTE       [ reduce using rule 27 (expresion -> expresion RAND expresion .) ]
  ! RAND            [ shift and go to state 38 ]
  ! ROR             [ shift and go to state 39 ]


state 57

    (28) expresion -> expresion ROR expresion .
    (15) expresion -> expresion . MAS expresion
    (16) expresion -> expresion . MENOS expresion
    (17) expresion -> expresion . MULTIPLICACION expresion
    (18) expresion -> expresion . DIVISION expresion
    (19) expresion -> expresion . POTENCIA expresion
    (20) expresion -> expresion . MODULO expresion
    (21) expresion -> expresion . MAYORQUE expresion
    (22) expresion -> expresion . MENORQUE expresion
    (23) expresion -> expresion . MAYORIGUAL expresion
    (24) expresion -> expresion . MENORIGUAL expresion
    (25) expresion -> expresion . IGUALIGUAL expresion
    (26) expresion -> expresion . DIFERENTE expresion
    (27) expresion -> expresion . RAND expresion
    (28) expresion -> expresion . ROR expresion

    ROR             reduce using rule 28 (expresion -> expresion ROR expresion .)
    PARC            reduce using rule 28 (expresion -> expresion ROR expresion .)
    COMA            reduce using rule 28 (expresion -> expresion ROR expresion .)
    MAS             shift and go to state 26
    MENOS           shift and go to state 27
    MULTIPLICACION  shift and go to state 28
    DIVISION        shift and go to state 29
    POTENCIA        shift and go to state 30
    MODULO          shift and go to state 31
    MAYORQUE        shift and go to state 32
    MENORQUE        shift and go to state 33
    MAYORIGUAL      shift and go to state 34
    MENORIGUAL      shift and go to state 35
    IGUALIGUAL      shift and go to state 36
    DIFERENTE       shift and go to state 37
    RAND            shift and go to state 38

  ! MAS             [ reduce using rule 28 (expresion -> expresion ROR expresion .) ]
  ! MENOS           [ reduce using rule 28 (expresion -> expresion ROR expresion .) ]
  ! MULTIPLICACION  [ reduce using rule 28 (expresion -> expresion ROR expresion .) ]
  ! DIVISION        [ reduce using rule 28 (expresion -> expresion ROR expresion .) ]
  ! POTENCIA        [ reduce using rule 28 (expresion -> expresion ROR expresion .) ]
  ! MODULO          [ reduce using rule 28 (expresion -> expresion ROR expresion .) ]
  ! MAYORQUE        [ reduce using rule 28 (expresion -> expresion ROR expresion .) ]
  ! MENORQUE        [ reduce using rule 28 (expresion -> expresion ROR expresion .) ]
  ! MAYORIGUAL      [ reduce using rule 28 (expresion -> expresion ROR expresion .) ]
  ! MENORIGUAL      [ reduce using rule 28 (expresion -> expresion ROR expresion .) ]
  ! IGUALIGUAL      [ reduce using rule 28 (expresion -> expresion ROR expresion .) ]
  ! DIFERENTE       [ reduce using rule 28 (expresion -> expresion ROR expresion .) ]
  ! RAND            [ reduce using rule 28 (expresion -> expresion ROR expresion .) ]
  ! ROR             [ shift and go to state 39 ]

